<?xml version="1.0" encoding="UTF-8"?>
<testng-results ignored="0" total="1" passed="1" failed="0" skipped="0">
  <reporter-output>
  </reporter-output>
  <suite started-at="2022-04-01T00:39:23 EDT" name="Default suite" finished-at="2022-04-01T00:39:44 EDT" duration-ms="21845">
    <groups>
    </groups>
    <test started-at="2022-04-01T00:39:23 EDT" name="Default test" finished-at="2022-04-01T00:39:44 EDT" duration-ms="21845">
      <class name="com.automationPractice.Tests.ShoppingCartSummaryTest">
        <test-method is-config="true" signature="setUp()[pri:0, instance:com.automationPractice.Tests.ShoppingCartSummaryTest@66498326]" started-at="2022-04-01T00:39:23 EDT" name="setUp" finished-at="2022-04-01T00:39:44 EDT" duration-ms="21734" status="PASS">
          <reporter-output>
          </reporter-output>
        </test-method> <!-- setUp -->
        <test-method signature="cartSummary()[pri:0, instance:com.automationPractice.Tests.ShoppingCartSummaryTest@66498326]" started-at="2022-04-01T00:39:44 EDT" name="cartSummary" finished-at="2022-04-01T00:39:44 EDT" duration-ms="68" status="PASS">
          <reporter-output>
          </reporter-output>
        </test-method> <!-- cartSummary -->
      </class> <!-- com.automationPractice.Tests.ShoppingCartSummaryTest -->
    </test> <!-- Default test -->
  </suite> <!-- Default suite -->
</testng-results>
